Using pre-set license
Built from '2020.3/release' branch; Version is '2020.3.1f1 (77a89f25062f) revision 7841951'; Using compiler version '192528614'; Build Type 'Release'
OS: 'Windows 10 Education; OS build 19041.1348; Version 2004; 64bit' Language: 'en' Physical Memory: 16012 MB
BatchMode: 1, IsHumanControllingUs: 0, StartBugReporterOnCrash: 0, Is64bit: 1, IsPro: 0

 COMMAND LINE ARGUMENTS:
C:\Program Files\Unity\Editor\Unity.exe
-adb2
-batchMode
-noUpm
-name
AssetImportWorker0
-projectPath
C:/Users/Administrator/Documents/Yr2 - Sem 1/Interactive Multimedia/Personal-Project-main
-logFile
Logs/AssetImportWorker0.log
-srvPort
50316
Successfully changed project path to: C:/Users/Administrator/Documents/Yr2 - Sem 1/Interactive Multimedia/Personal-Project-main
C:/Users/Administrator/Documents/Yr2 - Sem 1/Interactive Multimedia/Personal-Project-main
Using Asset Import Pipeline V2.
Refreshing native plugins compatible for Editor in 62.73 ms, found 0 plugins.
Preloading 0 native plugins for Editor in 0.00 ms.
Initialize engine version: 2020.3.1f1 (77a89f25062f)
[Subsystems] Discovering subsystems at path C:/Program Files/Unity/Editor/Data/Resources/UnitySubsystems
[Subsystems] Discovering subsystems at path C:/Users/Administrator/Documents/Yr2 - Sem 1/Interactive Multimedia/Personal-Project-main/Assets
GfxDevice: creating device client; threaded=0
Direct3D:
    Version:  Direct3D 11.0 [level 11.1]
    Renderer: Intel(R) UHD Graphics (ID=0x9b41)
    Vendor:   
    VRAM:     8006 MB
    Driver:   27.20.100.9664
Initialize mono
Mono path[0] = 'C:/Program Files/Unity/Editor/Data/Managed'
Mono path[1] = 'C:/Program Files/Unity/Editor/Data/MonoBleedingEdge/lib/mono/unityjit'
Mono config path = 'C:/Program Files/Unity/Editor/Data/MonoBleedingEdge/etc'
Using monoOptions --debugger-agent=transport=dt_socket,embedding=1,server=y,suspend=n,address=127.0.0.1:56984
Begin MonoManager ReloadAssembly
Registering precompiled unity dll's ...
Register platform support module: C:/Program Files/Unity/Editor/Data/PlaybackEngines/WebGLSupport/UnityEditor.WebGL.Extensions.dll
Register platform support module: C:/Program Files/Unity/Editor/Data/PlaybackEngines/WindowsStandaloneSupport/UnityEditor.WindowsStandalone.Extensions.dll
Registered in 0.009430 seconds.
Native extension for WindowsStandalone target not found
Native extension for WebGL target not found
Refreshing native plugins compatible for Editor in 97.87 ms, found 0 plugins.
Preloading 0 native plugins for Editor in 0.00 ms.
Invoked RoslynAnalysisRunner static constructor.
RoslynAnalysisRunner will not be running.
RoslynAnalysisRunner has terminated.
Mono: successfully reloaded assembly
- Completed reload, in  3.321 seconds
Platform modules already initialized, skipping
Registering precompiled user dll's ...
Registered in 0.001588 seconds.
Begin MonoManager ReloadAssembly
Native extension for WindowsStandalone target not found
Native extension for WebGL target not found
Refreshing native plugins compatible for Editor in 0.59 ms, found 0 plugins.
Preloading 0 native plugins for Editor in 0.00 ms.
Invoked RoslynAnalysisRunner static constructor.
RoslynAnalysisRunner will not be running.
RoslynAnalysisRunner has terminated.
Mono: successfully reloaded assembly
- Completed reload, in  2.511 seconds
Platform modules already initialized, skipping
========================================================================
Worker process is ready to serve import requests
Launched and connected shader compiler UnityShaderCompiler.exe after 0.07 seconds
Refreshing native plugins compatible for Editor in 0.26 ms, found 0 plugins.
Preloading 0 native plugins for Editor in 0.00 ms.
Unloading 1090 Unused Serialized files (Serialized files now loaded: 0)
System memory in use before: 56.5 MB.
System memory in use after: 56.6 MB.

Unloading 8 unused Assets to reduce memory usage. Loaded Objects now: 1532.
Total: 2.720200 ms (FindLiveObjects: 0.226400 ms CreateObjectMapping: 0.148400 ms MarkObjects: 2.256600 ms  DeleteObjects: 0.086600 ms)

========================================================================
Received Import Request.
  path: Assets/Scenes/Level1.unity
  artifactKey: Guid(bf0695fd6b59a69418df776b3e339e49) Importer(815301076,1909f56bfc062723c751e8b465ee728b)
Start importing Assets/Scenes/Level1.unity using Guid(bf0695fd6b59a69418df776b3e339e49) Importer(815301076,1909f56bfc062723c751e8b465ee728b)  -> (artifact id: '78e9907295a2f9f90ee528931979968b') in 0.057554 seconds
  Import took 0.063972 seconds .

========================================================================
Received Import Request.
  Time since last request: 0.000722 seconds.
  path: Assets/Scenes
  artifactKey: Guid(a6856cc7f4f99a241b9684d508bdd5f6) Importer(815301076,1909f56bfc062723c751e8b465ee728b)
Start importing Assets/Scenes using Guid(a6856cc7f4f99a241b9684d508bdd5f6) Importer(815301076,1909f56bfc062723c751e8b465ee728b)  -> (artifact id: 'b32fea1bd42cf6d80dc54585e8abc333') in 0.042095 seconds
  Import took 0.050125 seconds .

========================================================================
Received Prepare
Registering precompiled user dll's ...
Registered in 0.001119 seconds.
Begin MonoManager ReloadAssembly
Native extension for WindowsStandalone target not found
Native extension for WebGL target not found
Refreshing native plugins compatible for Editor in 0.41 ms, found 0 plugins.
Preloading 0 native plugins for Editor in 0.00 ms.
Invoked RoslynAnalysisRunner static constructor.
RoslynAnalysisRunner will not be running.
RoslynAnalysisRunner has terminated.
Mono: successfully reloaded assembly
- Completed reload, in  2.082 seconds
Platform modules already initialized, skipping
Refreshing native plugins compatible for Editor in 0.51 ms, found 0 plugins.
Preloading 0 native plugins for Editor in 0.00 ms.
Unloading 1084 Unused Serialized files (Serialized files now loaded: 0)
System memory in use before: 56.3 MB.
System memory in use after: 56.4 MB.

Unloading 4 unused Assets to reduce memory usage. Loaded Objects now: 1535.
Total: 3.874900 ms (FindLiveObjects: 0.279600 ms CreateObjectMapping: 0.073800 ms MarkObjects: 3.474400 ms  DeleteObjects: 0.043900 ms)

========================================================================
Received Prepare
Registering precompiled user dll's ...
Registered in 0.001815 seconds.
Begin MonoManager ReloadAssembly
Native extension for WindowsStandalone target not found
Native extension for WebGL target not found
Refreshing native plugins compatible for Editor in 0.41 ms, found 0 plugins.
Preloading 0 native plugins for Editor in 0.00 ms.
Invoked RoslynAnalysisRunner static constructor.
RoslynAnalysisRunner will not be running.
RoslynAnalysisRunner has terminated.
Mono: successfully reloaded assembly
- Completed reload, in  2.050 seconds
Platform modules already initialized, skipping
Refreshing native plugins compatible for Editor in 0.42 ms, found 0 plugins.
Preloading 0 native plugins for Editor in 0.00 ms.
Unloading 1084 Unused Serialized files (Serialized files now loaded: 0)
System memory in use before: 56.4 MB.
System memory in use after: 56.5 MB.

Unloading 4 unused Assets to reduce memory usage. Loaded Objects now: 1538.
Total: 2.910700 ms (FindLiveObjects: 0.227400 ms CreateObjectMapping: 0.068400 ms MarkObjects: 2.562200 ms  DeleteObjects: 0.049900 ms)

========================================================================
Received Prepare
Registering precompiled user dll's ...
Registered in 0.001493 seconds.
Begin MonoManager ReloadAssembly
Native extension for WindowsStandalone target not found
Native extension for WebGL target not found
Refreshing native plugins compatible for Editor in 0.46 ms, found 0 plugins.
Preloading 0 native plugins for Editor in 0.00 ms.
Invoked RoslynAnalysisRunner static constructor.
RoslynAnalysisRunner will not be running.
RoslynAnalysisRunner has terminated.
Mono: successfully reloaded assembly
- Completed reload, in  1.741 seconds
Platform modules already initialized, skipping
Refreshing native plugins compatible for Editor in 0.42 ms, found 0 plugins.
Preloading 0 native plugins for Editor in 0.00 ms.
Unloading 1085 Unused Serialized files (Serialized files now loaded: 0)
System memory in use before: 56.4 MB.
System memory in use after: 56.5 MB.

Unloading 4 unused Assets to reduce memory usage. Loaded Objects now: 1542.
Total: 4.141500 ms (FindLiveObjects: 0.342300 ms CreateObjectMapping: 0.093700 ms MarkObjects: 3.653700 ms  DeleteObjects: 0.048900 ms)

========================================================================
Received Import Request.
  Time since last request: 1761.914048 seconds.
  path: Assets/Rabbits/Prefabs/Rabbit 1.prefab
  artifactKey: Guid(c737dd230724d61469e1c672cf47ed9e) Importer(815301076,1909f56bfc062723c751e8b465ee728b)
Start importing Assets/Rabbits/Prefabs/Rabbit 1.prefab using Guid(c737dd230724d61469e1c672cf47ed9e) Importer(815301076,1909f56bfc062723c751e8b465ee728b)  -> (artifact id: '2f36be961fcb97cb6c1925223051e998') in 0.792187 seconds
  Import took 0.800676 seconds .

========================================================================
Received Import Request.
  Time since last request: 188.641447 seconds.
  path: Assets/Rabbits/Model/Rabbit.fbx
  artifactKey: Guid(0962bdca27eaca34aaa15f7fdf608faf) Importer(815301076,1909f56bfc062723c751e8b465ee728b)
Start importing Assets/Rabbits/Model/Rabbit.fbx using Guid(0962bdca27eaca34aaa15f7fdf608faf) Importer(815301076,1909f56bfc062723c751e8b465ee728b)  -> (artifact id: '53ec428ad06273d6a8650a70274c079a') in 0.154467 seconds
  Import took 0.160549 seconds .

========================================================================
Received Prepare
Registering precompiled user dll's ...
Registered in 0.001471 seconds.
Begin MonoManager ReloadAssembly
Native extension for WindowsStandalone target not found
Native extension for WebGL target not found
Refreshing native plugins compatible for Editor in 0.78 ms, found 0 plugins.
Preloading 0 native plugins for Editor in 0.00 ms.
Invoked RoslynAnalysisRunner static constructor.
RoslynAnalysisRunner will not be running.
RoslynAnalysisRunner has terminated.
Mono: successfully reloaded assembly
- Completed reload, in  2.155 seconds
Platform modules already initialized, skipping
Refreshing native plugins compatible for Editor in 0.40 ms, found 0 plugins.
Preloading 0 native plugins for Editor in 0.00 ms.
Unloading 1085 Unused Serialized files (Serialized files now loaded: 0)
System memory in use before: 73.8 MB.
System memory in use after: 73.9 MB.

Unloading 4 unused Assets to reduce memory usage. Loaded Objects now: 1556.
Total: 3.410000 ms (FindLiveObjects: 0.382600 ms CreateObjectMapping: 0.104800 ms MarkObjects: 2.870400 ms  DeleteObjects: 0.050000 ms)

========================================================================
Received Import Request.
  Time since last request: 341.065149 seconds.
  path: Assets/Scenes/Level2.unity
  artifactKey: Guid(1c2b6aab71cc6ec4fb6e773cb15ec763) Importer(815301076,1909f56bfc062723c751e8b465ee728b)
Start importing Assets/Scenes/Level2.unity using Guid(1c2b6aab71cc6ec4fb6e773cb15ec763) Importer(815301076,1909f56bfc062723c751e8b465ee728b)  -> (artifact id: '641c764b4e790afacdff90804fd0d65f') in 0.030983 seconds
  Import took 0.037114 seconds .

========================================================================
Received Import Request.
  Time since last request: 48.178658 seconds.
  path: Assets/Scenes/Level1.unity
  artifactKey: Guid(bf0695fd6b59a69418df776b3e339e49) Importer(815301076,1909f56bfc062723c751e8b465ee728b)
Start importing Assets/Scenes/Level1.unity using Guid(bf0695fd6b59a69418df776b3e339e49) Importer(815301076,1909f56bfc062723c751e8b465ee728b)  -> (artifact id: '9baf0bcd0935ea09a6ab4444dd681167') in 0.016809 seconds
  Import took 0.025431 seconds .

========================================================================
Received Import Request.
  Time since last request: 4.966586 seconds.
  path: Assets/Scenes/StartScreen.unity
  artifactKey: Guid(b5021f48a74aefb468ae0588beb5c30b) Importer(815301076,1909f56bfc062723c751e8b465ee728b)
Start importing Assets/Scenes/StartScreen.unity using Guid(b5021f48a74aefb468ae0588beb5c30b) Importer(815301076,1909f56bfc062723c751e8b465ee728b)  -> (artifact id: '41fc6054a94ec6ab93eb6257ae1a0b59') in 0.026003 seconds
  Import took 0.032435 seconds .

========================================================================
Received Prepare
Registering precompiled user dll's ...
Registered in 0.001065 seconds.
Begin MonoManager ReloadAssembly
Native extension for WindowsStandalone target not found
Native extension for WebGL target not found
Refreshing native plugins compatible for Editor in 0.62 ms, found 0 plugins.
Preloading 0 native plugins for Editor in 0.00 ms.
Invoked RoslynAnalysisRunner static constructor.
RoslynAnalysisRunner will not be running.
RoslynAnalysisRunner has terminated.
Mono: successfully reloaded assembly
- Completed reload, in  3.708 seconds
Platform modules already initialized, skipping
Refreshing native plugins compatible for Editor in 0.55 ms, found 0 plugins.
Preloading 0 native plugins for Editor in 0.00 ms.
Unloading 1085 Unused Serialized files (Serialized files now loaded: 0)
System memory in use before: 73.9 MB.
System memory in use after: 74.0 MB.

Unloading 4 unused Assets to reduce memory usage. Loaded Objects now: 1559.
Total: 3.788500 ms (FindLiveObjects: 0.861900 ms CreateObjectMapping: 0.187800 ms MarkObjects: 2.710300 ms  DeleteObjects: 0.022900 ms)

========================================================================
Received Import Request.
  Time since last request: 106.709071 seconds.
  path: Assets/Scenes/Level2.unity
  artifactKey: Guid(1c2b6aab71cc6ec4fb6e773cb15ec763) Importer(815301076,1909f56bfc062723c751e8b465ee728b)
Start importing Assets/Scenes/Level2.unity using Guid(1c2b6aab71cc6ec4fb6e773cb15ec763) Importer(815301076,1909f56bfc062723c751e8b465ee728b)  -> (artifact id: '9a7e61bc6083e9efe5dafdcb67d52de2') in 0.053853 seconds
  Import took 0.063628 seconds .

========================================================================
Received Import Request.
  Time since last request: 0.002758 seconds.
  path: Assets/Scenes/Level2.unity
  artifactKey: Guid(1c2b6aab71cc6ec4fb6e773cb15ec763) Importer(815301076,1909f56bfc062723c751e8b465ee728b)
Start importing Assets/Scenes/Level2.unity using Guid(1c2b6aab71cc6ec4fb6e773cb15ec763) Importer(815301076,1909f56bfc062723c751e8b465ee728b)  -> (artifact id: '9a7e61bc6083e9efe5dafdcb67d52de2') in 0.018056 seconds
  Import took 0.026359 seconds .

========================================================================
Received Import Request.
  Time since last request: 9.968323 seconds.
  path: Assets/Scenes/EndScreen.unity
  artifactKey: Guid(ee6e70228ee5b354ab439e9ad1329607) Importer(815301076,1909f56bfc062723c751e8b465ee728b)
Start importing Assets/Scenes/EndScreen.unity using Guid(ee6e70228ee5b354ab439e9ad1329607) Importer(815301076,1909f56bfc062723c751e8b465ee728b)  -> (artifact id: 'fd85771436183be7d6a14925cf347560') in 0.038552 seconds
  Import took 0.047130 seconds .

========================================================================
Received Prepare
Registering precompiled user dll's ...
Registered in 0.001558 seconds.
Begin MonoManager ReloadAssembly
Native extension for WindowsStandalone target not found
Native extension for WebGL target not found
Refreshing native plugins compatible for Editor in 0.41 ms, found 0 plugins.
Preloading 0 native plugins for Editor in 0.00 ms.
Invoked RoslynAnalysisRunner static constructor.
RoslynAnalysisRunner will not be running.
RoslynAnalysisRunner has terminated.
Mono: successfully reloaded assembly
- Completed reload, in  2.142 seconds
Platform modules already initialized, skipping
Refreshing native plugins compatible for Editor in 0.40 ms, found 0 plugins.
Preloading 0 native plugins for Editor in 0.00 ms.
Unloading 1085 Unused Serialized files (Serialized files now loaded: 0)
System memory in use before: 73.9 MB.
System memory in use after: 74.0 MB.

Unloading 4 unused Assets to reduce memory usage. Loaded Objects now: 1562.
Total: 3.118100 ms (FindLiveObjects: 0.351200 ms CreateObjectMapping: 0.069400 ms MarkObjects: 2.676200 ms  DeleteObjects: 0.019200 ms)

========================================================================
Received Prepare
Registering precompiled user dll's ...
Registered in 0.001785 seconds.
Begin MonoManager ReloadAssembly
Native extension for WindowsStandalone target not found
Native extension for WebGL target not found
Refreshing native plugins compatible for Editor in 0.54 ms, found 0 plugins.
Preloading 0 native plugins for Editor in 0.00 ms.
Invoked RoslynAnalysisRunner static constructor.
RoslynAnalysisRunner will not be running.
RoslynAnalysisRunner has terminated.
Mono: successfully reloaded assembly
- Completed reload, in  2.006 seconds
Platform modules already initialized, skipping
Refreshing native plugins compatible for Editor in 0.59 ms, found 0 plugins.
Preloading 0 native plugins for Editor in 0.00 ms.
Unloading 1085 Unused Serialized files (Serialized files now loaded: 0)
System memory in use before: 73.9 MB.
System memory in use after: 74.0 MB.

Unloading 4 unused Assets to reduce memory usage. Loaded Objects now: 1565.
Total: 5.477500 ms (FindLiveObjects: 0.502800 ms CreateObjectMapping: 0.240200 ms MarkObjects: 4.680100 ms  DeleteObjects: 0.050400 ms)

========================================================================
Received Import Request.
  Time since last request: 321.669943 seconds.
  path: Assets/Scenes/Level2.unity
  artifactKey: Guid(1c2b6aab71cc6ec4fb6e773cb15ec763) Importer(815301076,1909f56bfc062723c751e8b465ee728b)
Start importing Assets/Scenes/Level2.unity using Guid(1c2b6aab71cc6ec4fb6e773cb15ec763) Importer(815301076,1909f56bfc062723c751e8b465ee728b)  -> (artifact id: '6e092e7161b24c953ad3a6565d26be5d') in 0.043935 seconds
  Import took 0.052289 seconds .

========================================================================
Received Import Request.
  Time since last request: 17.036540 seconds.
  path: Assets/Scenes/Level1.unity
  artifactKey: Guid(bf0695fd6b59a69418df776b3e339e49) Importer(815301076,1909f56bfc062723c751e8b465ee728b)
Start importing Assets/Scenes/Level1.unity using Guid(bf0695fd6b59a69418df776b3e339e49) Importer(815301076,1909f56bfc062723c751e8b465ee728b)  -> (artifact id: '9d783386e3664b67e678d7d9aa19d4cb') in 0.013425 seconds
  Import took 0.020931 seconds .

========================================================================
Received Import Request.
  Time since last request: 0.032763 seconds.
  path: Assets/Scenes/Level1.unity
  artifactKey: Guid(bf0695fd6b59a69418df776b3e339e49) Importer(815301076,1909f56bfc062723c751e8b465ee728b)
Start importing Assets/Scenes/Level1.unity using Guid(bf0695fd6b59a69418df776b3e339e49) Importer(815301076,1909f56bfc062723c751e8b465ee728b)  -> (artifact id: '9d783386e3664b67e678d7d9aa19d4cb') in 0.009947 seconds
  Import took 0.015249 seconds .

========================================================================
Received Prepare
Registering precompiled user dll's ...
Registered in 0.002722 seconds.
Begin MonoManager ReloadAssembly
Native extension for WindowsStandalone target not found
Native extension for WebGL target not found
Refreshing native plugins compatible for Editor in 0.47 ms, found 0 plugins.
Preloading 0 native plugins for Editor in 0.00 ms.
Invoked RoslynAnalysisRunner static constructor.
RoslynAnalysisRunner will not be running.
RoslynAnalysisRunner has terminated.
Mono: successfully reloaded assembly
- Completed reload, in  1.991 seconds
Platform modules already initialized, skipping
Refreshing native plugins compatible for Editor in 0.40 ms, found 0 plugins.
Preloading 0 native plugins for Editor in 0.00 ms.
Unloading 1085 Unused Serialized files (Serialized files now loaded: 0)
System memory in use before: 73.9 MB.
System memory in use after: 74.0 MB.

Unloading 4 unused Assets to reduce memory usage. Loaded Objects now: 1568.
Total: 3.703800 ms (FindLiveObjects: 0.255100 ms CreateObjectMapping: 0.229600 ms MarkObjects: 3.184100 ms  DeleteObjects: 0.032500 ms)

========================================================================
Received Import Request.
  Time since last request: 268.752414 seconds.
  path: Assets/Scenes/Level2.unity
  artifactKey: Guid(1c2b6aab71cc6ec4fb6e773cb15ec763) Importer(815301076,1909f56bfc062723c751e8b465ee728b)
Start importing Assets/Scenes/Level2.unity using Guid(1c2b6aab71cc6ec4fb6e773cb15ec763) Importer(815301076,1909f56bfc062723c751e8b465ee728b)  -> (artifact id: '273ad8735f51d9d24b125c98b85fd276') in 0.036802 seconds
  Import took 0.043446 seconds .

========================================================================
Received Import Request.
  Time since last request: 457.943926 seconds.
  path: Assets/Prefabs/Player 1.prefab
  artifactKey: Guid(c9715545e27a4b6458c5226ccf1e12d6) Importer(815301076,1909f56bfc062723c751e8b465ee728b)
Start importing Assets/Prefabs/Player 1.prefab using Guid(c9715545e27a4b6458c5226ccf1e12d6) Importer(815301076,1909f56bfc062723c751e8b465ee728b)  -> (artifact id: '90c3c01cd6f516b42dcbc8d3fc0cd3b5') in 0.140931 seconds
  Import took 0.147487 seconds .

========================================================================
Received Import Request.
  Time since last request: 7.033774 seconds.
  path: Assets/Prefabs/Player.prefab
  artifactKey: Guid(210f4fa274e34844e84198bfc9545168) Importer(815301076,1909f56bfc062723c751e8b465ee728b)
Start importing Assets/Prefabs/Player.prefab using Guid(210f4fa274e34844e84198bfc9545168) Importer(815301076,1909f56bfc062723c751e8b465ee728b)  -> (artifact id: '14164f5189e69773e98c5fb06b031831') in 0.073376 seconds
  Import took 0.080589 seconds .

========================================================================
Received Import Request.
  Time since last request: 204.567326 seconds.
  path: Assets/Prefabs
  artifactKey: Guid(3417550d0333490499c3f8d32354271d) Importer(815301076,1909f56bfc062723c751e8b465ee728b)
Start importing Assets/Prefabs using Guid(3417550d0333490499c3f8d32354271d) Importer(815301076,1909f56bfc062723c751e8b465ee728b)  -> (artifact id: '02b414d0f7c126e54a6a1e6264908cb0') in 0.040674 seconds
  Import took 0.049493 seconds .

========================================================================
Received Import Request.
  Time since last request: 0.007049 seconds.
  path: Assets/Prefabs
  artifactKey: Guid(3417550d0333490499c3f8d32354271d) Importer(815301076,1909f56bfc062723c751e8b465ee728b)
Start importing Assets/Prefabs using Guid(3417550d0333490499c3f8d32354271d) Importer(815301076,1909f56bfc062723c751e8b465ee728b)  -> (artifact id: '02b414d0f7c126e54a6a1e6264908cb0') in 0.015272 seconds
  Import took 0.023592 seconds .

========================================================================
Received Prepare
Registering precompiled user dll's ...
Registered in 0.001398 seconds.
Begin MonoManager ReloadAssembly
Native extension for WindowsStandalone target not found
Native extension for WebGL target not found
Refreshing native plugins compatible for Editor in 0.41 ms, found 0 plugins.
Preloading 0 native plugins for Editor in 0.00 ms.
Invoked RoslynAnalysisRunner static constructor.
RoslynAnalysisRunner will not be running.
RoslynAnalysisRunner has terminated.
Mono: successfully reloaded assembly
- Completed reload, in  2.021 seconds
Platform modules already initialized, skipping
Refreshing native plugins compatible for Editor in 0.40 ms, found 0 plugins.
Preloading 0 native plugins for Editor in 0.00 ms.
Unloading 1085 Unused Serialized files (Serialized files now loaded: 0)
System memory in use before: 74.0 MB.
System memory in use after: 74.1 MB.

Unloading 4 unused Assets to reduce memory usage. Loaded Objects now: 1573.
Total: 3.441100 ms (FindLiveObjects: 0.212200 ms CreateObjectMapping: 0.069600 ms MarkObjects: 3.106800 ms  DeleteObjects: 0.050400 ms)

========================================================================
Received Import Request.
  Time since last request: 404.426398 seconds.
  path: Assets/Scenes/Level1.unity
  artifactKey: Guid(bf0695fd6b59a69418df776b3e339e49) Importer(815301076,1909f56bfc062723c751e8b465ee728b)
Start importing Assets/Scenes/Level1.unity using Guid(bf0695fd6b59a69418df776b3e339e49) Importer(815301076,1909f56bfc062723c751e8b465ee728b)  -> (artifact id: '27197839d8c70563653b7386db20174d') in 0.057111 seconds
  Import took 0.065933 seconds .

========================================================================
Received Import Request.
  Time since last request: 0.003237 seconds.
  path: Assets/Scenes/Level1.unity
  artifactKey: Guid(bf0695fd6b59a69418df776b3e339e49) Importer(815301076,1909f56bfc062723c751e8b465ee728b)
Start importing Assets/Scenes/Level1.unity using Guid(bf0695fd6b59a69418df776b3e339e49) Importer(815301076,1909f56bfc062723c751e8b465ee728b)  -> (artifact id: '27197839d8c70563653b7386db20174d') in 0.013449 seconds
  Import took 0.022301 seconds .

========================================================================
Received Prepare
Registering precompiled user dll's ...
Registered in 0.001864 seconds.
Begin MonoManager ReloadAssembly
Native extension for WindowsStandalone target not found
Native extension for WebGL target not found
Refreshing native plugins compatible for Editor in 0.51 ms, found 0 plugins.
Preloading 0 native plugins for Editor in 0.00 ms.
Invoked RoslynAnalysisRunner static constructor.
RoslynAnalysisRunner will not be running.
RoslynAnalysisRunner has terminated.
Mono: successfully reloaded assembly
- Completed reload, in  2.195 seconds
Platform modules already initialized, skipping
Refreshing native plugins compatible for Editor in 0.42 ms, found 0 plugins.
Preloading 0 native plugins for Editor in 0.00 ms.
Unloading 1085 Unused Serialized files (Serialized files now loaded: 0)
System memory in use before: 74.0 MB.
System memory in use after: 74.1 MB.

Unloading 4 unused Assets to reduce memory usage. Loaded Objects now: 1576.
Total: 3.074300 ms (FindLiveObjects: 0.298500 ms CreateObjectMapping: 0.082300 ms MarkObjects: 2.641400 ms  DeleteObjects: 0.034800 ms)

========================================================================
Received Import Request.
  Time since last request: 458.460039 seconds.
  path: Assets/FREE Food Pack/Prefabs/Banana.prefab
  artifactKey: Guid(0550765fb22bb954ea0412b7153ff417) Importer(815301076,1909f56bfc062723c751e8b465ee728b)
Start importing Assets/FREE Food Pack/Prefabs/Banana.prefab using Guid(0550765fb22bb954ea0412b7153ff417) Importer(815301076,1909f56bfc062723c751e8b465ee728b)  -> (artifact id: 'c3a80764aa8092f38e13b6f7933abbc2') in 0.376802 seconds
  Import took 0.386245 seconds .

========================================================================
Received Prepare
Registering precompiled user dll's ...
Registered in 0.001248 seconds.
Begin MonoManager ReloadAssembly
Native extension for WindowsStandalone target not found
Native extension for WebGL target not found
Refreshing native plugins compatible for Editor in 0.42 ms, found 0 plugins.
Preloading 0 native plugins for Editor in 0.00 ms.
Invoked RoslynAnalysisRunner static constructor.
RoslynAnalysisRunner will not be running.
RoslynAnalysisRunner has terminated.
Mono: successfully reloaded assembly
- Completed reload, in  2.068 seconds
Platform modules already initialized, skipping
Refreshing native plugins compatible for Editor in 0.68 ms, found 0 plugins.
Preloading 0 native plugins for Editor in 0.00 ms.
Unloading 1086 Unused Serialized files (Serialized files now loaded: 0)
System memory in use before: 74.8 MB.
System memory in use after: 74.9 MB.

Unloading 4 unused Assets to reduce memory usage. Loaded Objects now: 1582.
Total: 3.182000 ms (FindLiveObjects: 0.266000 ms CreateObjectMapping: 0.108100 ms MarkObjects: 2.788200 ms  DeleteObjects: 0.017300 ms)

========================================================================
Received Import Request.
  Time since last request: 118.436617 seconds.
  path: Assets/FREE Food Pack/Prefabs/Bread.prefab
  artifactKey: Guid(07c1ce2b91eb18f4c83d7d36268a0341) Importer(815301076,1909f56bfc062723c751e8b465ee728b)
Start importing Assets/FREE Food Pack/Prefabs/Bread.prefab using Guid(07c1ce2b91eb18f4c83d7d36268a0341) Importer(815301076,1909f56bfc062723c751e8b465ee728b)  -> (artifact id: '4f4569dcb81e66849cc1d85a58ca9092') in 0.174970 seconds
  Import took 0.180403 seconds .

========================================================================
Received Import Request.
  Time since last request: 3.063449 seconds.
  path: Assets/FREE Food Pack/Prefabs/Chips_Bag.prefab
  artifactKey: Guid(91e1f9e8a986ed344be385215d3145b3) Importer(815301076,1909f56bfc062723c751e8b465ee728b)
Start importing Assets/FREE Food Pack/Prefabs/Chips_Bag.prefab using Guid(91e1f9e8a986ed344be385215d3145b3) Importer(815301076,1909f56bfc062723c751e8b465ee728b)  -> (artifact id: 'e37d9a81fa43f3ffbd5cf3893e04b315') in 0.081475 seconds
  Import took 0.089891 seconds .

========================================================================
Received Import Request.
  Time since last request: 0.042111 seconds.
  path: Assets/FREE Food Pack/Prefabs/Chips_Bag.prefab
  artifactKey: Guid(91e1f9e8a986ed344be385215d3145b3) Importer(815301076,1909f56bfc062723c751e8b465ee728b)
Start importing Assets/FREE Food Pack/Prefabs/Chips_Bag.prefab using Guid(91e1f9e8a986ed344be385215d3145b3) Importer(815301076,1909f56bfc062723c751e8b465ee728b)  -> (artifact id: 'e37d9a81fa43f3ffbd5cf3893e04b315') in 0.037252 seconds
  Import took 0.043620 seconds .

========================================================================
Received Import Request.
  Time since last request: 7.033704 seconds.
  path: Assets/FREE Food Pack/Prefabs/Tomato.prefab
  artifactKey: Guid(b29c3addc4240254785fef8671d1291b) Importer(815301076,1909f56bfc062723c751e8b465ee728b)
Start importing Assets/FREE Food Pack/Prefabs/Tomato.prefab using Guid(b29c3addc4240254785fef8671d1291b) Importer(815301076,1909f56bfc062723c751e8b465ee728b)  -> (artifact id: '38f277f643276795ac0463613f105424') in 0.058994 seconds
  Import took 0.067030 seconds .

========================================================================
Received Prepare
Registering precompiled user dll's ...
Registered in 0.002487 seconds.
Begin MonoManager ReloadAssembly
Native extension for WindowsStandalone target not found
Native extension for WebGL target not found
Refreshing native plugins compatible for Editor in 0.47 ms, found 0 plugins.
Preloading 0 native plugins for Editor in 0.00 ms.
Invoked RoslynAnalysisRunner static constructor.
RoslynAnalysisRunner will not be running.
RoslynAnalysisRunner has terminated.
Mono: successfully reloaded assembly
- Completed reload, in  2.000 seconds
Platform modules already initialized, skipping
Refreshing native plugins compatible for Editor in 0.68 ms, found 0 plugins.
Preloading 0 native plugins for Editor in 0.00 ms.
Unloading 1085 Unused Serialized files (Serialized files now loaded: 0)
System memory in use before: 74.6 MB.
System memory in use after: 74.7 MB.

Unloading 4 unused Assets to reduce memory usage. Loaded Objects now: 1586.
Total: 3.692200 ms (FindLiveObjects: 0.263100 ms CreateObjectMapping: 0.092900 ms MarkObjects: 3.300800 ms  DeleteObjects: 0.032600 ms)

========================================================================
Received Import Request.
  Time since last request: 199.001896 seconds.
  path: Assets/Scenes/Level2.unity
  artifactKey: Guid(1c2b6aab71cc6ec4fb6e773cb15ec763) Importer(815301076,1909f56bfc062723c751e8b465ee728b)
Start importing Assets/Scenes/Level2.unity using Guid(1c2b6aab71cc6ec4fb6e773cb15ec763) Importer(815301076,1909f56bfc062723c751e8b465ee728b)  -> (artifact id: '0ed8daed21485cbd07552cb0477aa334') in 0.045199 seconds
  Import took 0.053249 seconds .

========================================================================
Received Import Request.
  Time since last request: 261.728413 seconds.
  path: Assets/Scenes/Level1.unity
  artifactKey: Guid(bf0695fd6b59a69418df776b3e339e49) Importer(815301076,1909f56bfc062723c751e8b465ee728b)
Start importing Assets/Scenes/Level1.unity using Guid(bf0695fd6b59a69418df776b3e339e49) Importer(815301076,1909f56bfc062723c751e8b465ee728b)  -> (artifact id: '92143d11ac02acf4d787d80266d4bd5e') in 0.023358 seconds
  Import took 0.031422 seconds .

========================================================================
Received Import Request.
  Time since last request: 0.035287 seconds.
  path: Assets/Scenes/Level1.unity
  artifactKey: Guid(bf0695fd6b59a69418df776b3e339e49) Importer(815301076,1909f56bfc062723c751e8b465ee728b)
Start importing Assets/Scenes/Level1.unity using Guid(bf0695fd6b59a69418df776b3e339e49) Importer(815301076,1909f56bfc062723c751e8b465ee728b)  -> (artifact id: '92143d11ac02acf4d787d80266d4bd5e') in 0.008830 seconds
  Import took 0.016048 seconds .

========================================================================
Received Prepare
Registering precompiled user dll's ...
Registered in 0.001571 seconds.
Begin MonoManager ReloadAssembly
Native extension for WindowsStandalone target not found
Native extension for WebGL target not found
Refreshing native plugins compatible for Editor in 0.43 ms, found 0 plugins.
Preloading 0 native plugins for Editor in 0.00 ms.
Invoked RoslynAnalysisRunner static constructor.
RoslynAnalysisRunner will not be running.
RoslynAnalysisRunner has terminated.
Mono: successfully reloaded assembly
- Completed reload, in  2.230 seconds
Platform modules already initialized, skipping
Refreshing native plugins compatible for Editor in 0.41 ms, found 0 plugins.
Preloading 0 native plugins for Editor in 0.00 ms.
Unloading 1085 Unused Serialized files (Serialized files now loaded: 0)
System memory in use before: 74.7 MB.
System memory in use after: 74.8 MB.

Unloading 4 unused Assets to reduce memory usage. Loaded Objects now: 1589.
Total: 2.332500 ms (FindLiveObjects: 0.162200 ms CreateObjectMapping: 0.044900 ms MarkObjects: 2.104100 ms  DeleteObjects: 0.019600 ms)

========================================================================
Received Import Request.
  Time since last request: 278.700519 seconds.
  path: Assets/Scripts/PlayerController.cs
  artifactKey: Guid(45fcf09e22c0b7c4d98f8681045552c9) Importer(815301076,1909f56bfc062723c751e8b465ee728b)
Start importing Assets/Scripts/PlayerController.cs using Guid(45fcf09e22c0b7c4d98f8681045552c9) Importer(815301076,1909f56bfc062723c751e8b465ee728b)  -> (artifact id: '260f2fdbfaaeb8b8d32b8bb030bccaa9') in 0.015523 seconds
  Import took 0.018389 seconds .

========================================================================
Received Import Request.
  Time since last request: 0.040365 seconds.
  path: Assets/Scripts/PlayerController.cs
  artifactKey: Guid(45fcf09e22c0b7c4d98f8681045552c9) Importer(815301076,1909f56bfc062723c751e8b465ee728b)
Start importing Assets/Scripts/PlayerController.cs using Guid(45fcf09e22c0b7c4d98f8681045552c9) Importer(815301076,1909f56bfc062723c751e8b465ee728b)  -> (artifact id: '260f2fdbfaaeb8b8d32b8bb030bccaa9') in 0.003495 seconds
  Import took 0.007793 seconds .

========================================================================
Received Prepare
Registering precompiled user dll's ...
Registered in 0.002022 seconds.
Begin MonoManager ReloadAssembly
Native extension for WindowsStandalone target not found
Native extension for WebGL target not found
Refreshing native plugins compatible for Editor in 0.43 ms, found 0 plugins.
Preloading 0 native plugins for Editor in 0.00 ms.
Invoked RoslynAnalysisRunner static constructor.
RoslynAnalysisRunner will not be running.
RoslynAnalysisRunner has terminated.
Mono: successfully reloaded assembly
- Completed reload, in  2.026 seconds
Platform modules already initialized, skipping
Refreshing native plugins compatible for Editor in 0.68 ms, found 0 plugins.
Preloading 0 native plugins for Editor in 0.00 ms.
Unloading 1085 Unused Serialized files (Serialized files now loaded: 0)
System memory in use before: 74.7 MB.
System memory in use after: 74.8 MB.

Unloading 4 unused Assets to reduce memory usage. Loaded Objects now: 1592.
Total: 4.655500 ms (FindLiveObjects: 0.361100 ms CreateObjectMapping: 0.100900 ms MarkObjects: 4.126100 ms  DeleteObjects: 0.064200 ms)

========================================================================
Received Prepare
Registering precompiled user dll's ...
Registered in 0.001118 seconds.
Begin MonoManager ReloadAssembly
Native extension for WindowsStandalone target not found
Native extension for WebGL target not found
Refreshing native plugins compatible for Editor in 0.43 ms, found 0 plugins.
Preloading 0 native plugins for Editor in 0.00 ms.
Invoked RoslynAnalysisRunner static constructor.
RoslynAnalysisRunner will not be running.
RoslynAnalysisRunner has terminated.
Mono: successfully reloaded assembly
- Completed reload, in  1.946 seconds
Platform modules already initialized, skipping
Refreshing native plugins compatible for Editor in 1.02 ms, found 0 plugins.
Preloading 0 native plugins for Editor in 0.00 ms.
Unloading 1085 Unused Serialized files (Serialized files now loaded: 0)
System memory in use before: 74.7 MB.
System memory in use after: 74.8 MB.

Unloading 4 unused Assets to reduce memory usage. Loaded Objects now: 1595.
Total: 3.495500 ms (FindLiveObjects: 0.247600 ms CreateObjectMapping: 0.103300 ms MarkObjects: 3.119400 ms  DeleteObjects: 0.022700 ms)

========================================================================
Received Prepare
Refreshing native plugins compatible for Editor in 2.72 ms, found 0 plugins.
Preloading 0 native plugins for Editor in 0.00 ms.
Unloading 2 Unused Serialized files (Serialized files now loaded: 0)
System memory in use before: 52.8 MB.
System memory in use after: 53.0 MB.

Unloading 2 unused Assets to reduce memory usage. Loaded Objects now: 1595.
Total: 4.284200 ms (FindLiveObjects: 0.406500 ms CreateObjectMapping: 0.124100 ms MarkObjects: 3.720800 ms  DeleteObjects: 0.029700 ms)

========================================================================
Received Prepare
Registering precompiled user dll's ...
Registered in 0.001496 seconds.
Begin MonoManager ReloadAssembly
Native extension for WindowsStandalone target not found
Native extension for WebGL target not found
Refreshing native plugins compatible for Editor in 0.51 ms, found 0 plugins.
Preloading 0 native plugins for Editor in 0.00 ms.
Invoked RoslynAnalysisRunner static constructor.
RoslynAnalysisRunner will not be running.
RoslynAnalysisRunner has terminated.
Mono: successfully reloaded assembly
- Completed reload, in  2.157 seconds
Platform modules already initialized, skipping
Refreshing native plugins compatible for Editor in 0.94 ms, found 0 plugins.
Preloading 0 native plugins for Editor in 0.00 ms.
Unloading 1085 Unused Serialized files (Serialized files now loaded: 0)
System memory in use before: 74.7 MB.
System memory in use after: 74.8 MB.

Unloading 4 unused Assets to reduce memory usage. Loaded Objects now: 1598.
Total: 5.318000 ms (FindLiveObjects: 0.553400 ms CreateObjectMapping: 0.124000 ms MarkObjects: 4.585100 ms  DeleteObjects: 0.050800 ms)

========================================================================
Received Prepare
Refreshing native plugins compatible for Editor in 3.79 ms, found 0 plugins.
Preloading 0 native plugins for Editor in 0.00 ms.
Unloading 2 Unused Serialized files (Serialized files now loaded: 0)
System memory in use before: 52.9 MB.
System memory in use after: 53.0 MB.

Unloading 2 unused Assets to reduce memory usage. Loaded Objects now: 1598.
Total: 5.276200 ms (FindLiveObjects: 0.411400 ms CreateObjectMapping: 0.170700 ms MarkObjects: 4.645700 ms  DeleteObjects: 0.044400 ms)

AssetImportWorkerClient::OnTransportError - code=2 error=End of file
